<?xml version="1.0" encoding="UTF-8"?>
<!-- Generated by org.testng.reporters.JUnitReportReporter -->
<testsuite hostname="temp-HP" name="toyota.ChangeZipCode" tests="1" failures="0" timestamp="10 Mar 2015 13:13:45 GMT" time="53.160" errors="0">
  <testcase name="testChangeZipCode" time="53.160" classname="toyota.ChangeZipCode"/>
</testsuite> <!-- toyota.ChangeZipCode -->
