<?xml version="1.0" encoding="UTF-8"?>
<!-- Generated by org.testng.reporters.JUnitReportReporter -->
<testsuite hostname="temp-HP" name="toyota.ChangeZipCode" tests="1" failures="0" timestamp="10 Mar 2015 15:07:22 GMT" time="17.819" errors="0">
  <testcase name="testChangeZipCode" time="17.819" classname="toyota.ChangeZipCode"/>
</testsuite> <!-- toyota.ChangeZipCode -->
